# JRE version: Java(TM) SE Runtime Environment (8.0_111-b14) (build 1.8.0_111-b14)
# Java VM: Java HotSpot(TM) 64-Bit Server VM (25.111-b14 mixed mode linux-amd64 compressed oops)
Heap:
 PSYoungGen      total 128000K, used 32K [0x00000000ebd80000, 0x00000000f3b80000, 0x0000000100000000)
  eden space 126976K, 0% used [0x00000000ebd80000,0x00000000ebd80000,0x00000000f3980000)
  from space 1024K, 3% used [0x00000000f3980000,0x00000000f3988000,0x00000000f3a80000)
  to   space 1024K, 0% used [0x00000000f3a80000,0x00000000f3a80000,0x00000000f3b80000)
 ParOldGen       total 42496K, used 344K [0x00000000c3800000, 0x00000000c6180000, 0x00000000ebd80000)
  object space 42496K, 0% used [0x00000000c3800000,0x00000000c3856050,0x00000000c6180000)
 Metaspace       used 2754K, capacity 4664K, committed 4864K, reserved 1056768K
  class space    used 305K, capacity 424K, committed 512K, reserved 1048576K
GC Heap History (10 events):
Event: 0,459 GC heap after
Heap after GC invocations=2 (full 0):
 PSYoungGen      total 34304K, used 464K [0x00000000ebd80000, 0x00000000ee180000, 0x0000000100000000)
  eden space 31744K, 0% used [0x00000000ebd80000,0x00000000ebd80000,0x00000000edc80000)
  from space 2560K, 18% used [0x00000000edf00000,0x00000000edf74010,0x00000000ee180000)
  to   space 2560K, 0% used [0x00000000edc80000,0x00000000edc80000,0x00000000edf00000)
 ParOldGen       total 42496K, used 16K [0x00000000c3800000, 0x00000000c6180000, 0x00000000ebd80000)
  object space 42496K, 0% used [0x00000000c3800000,0x00000000c3804000,0x00000000c6180000)
 Metaspace       used 2740K, capacity 4600K, committed 4864K, reserved 1056768K
  class space    used 305K, capacity 424K, committed 512K, reserved 1048576K
}
Event: 0,569 GC heap before
{Heap before GC invocations=3 (full 0):
 PSYoungGen      total 34304K, used 32208K [0x00000000ebd80000, 0x00000000ee180000, 0x0000000100000000)
  eden space 31744K, 100% used [0x00000000ebd80000,0x00000000edc80000,0x00000000edc80000)
  from space 2560K, 18% used [0x00000000edf00000,0x00000000edf74010,0x00000000ee180000)
  to   space 2560K, 0% used [0x00000000edc80000,0x00000000edc80000,0x00000000edf00000)
 ParOldGen       total 42496K, used 16K [0x00000000c3800000, 0x00000000c6180000, 0x00000000ebd80000)
  object space 42496K, 0% used [0x00000000c3800000,0x00000000c3804000,0x00000000c6180000)
 Metaspace       used 2741K, capacity 4600K, committed 4864K, reserved 1056768K
  class space    used 305K, capacity 424K, committed 512K, reserved 1048576K
Event: 0,572 GC heap after
Heap after GC invocations=3 (full 0):
 PSYoungGen      total 34304K, used 373K [0x00000000ebd80000, 0x00000000f0080000, 0x0000000100000000)
  eden space 31744K, 0% used [0x00000000ebd80000,0x00000000ebd80000,0x00000000edc80000)
  from space 2560K, 14% used [0x00000000edc80000,0x00000000edcdd740,0x00000000edf00000)
  to   space 2560K, 0% used [0x00000000efe00000,0x00000000efe00000,0x00000000f0080000)
 ParOldGen       total 42496K, used 24K [0x00000000c3800000, 0x00000000c6180000, 0x00000000ebd80000)
  object space 42496K, 0% used [0x00000000c3800000,0x00000000c3806000,0x00000000c6180000)
 Metaspace       used 2741K, capacity 4600K, committed 4864K, reserved 1056768K
  class space    used 305K, capacity 424K, committed 512K, reserved 1048576K
}
Event: 0,594 GC heap before
{Heap before GC invocations=4 (full 0):
 PSYoungGen      total 34304K, used 32117K [0x00000000ebd80000, 0x00000000f0080000, 0x0000000100000000)
  eden space 31744K, 100% used [0x00000000ebd80000,0x00000000edc80000,0x00000000edc80000)
  from space 2560K, 14% used [0x00000000edc80000,0x00000000edcdd740,0x00000000edf00000)
  to   space 2560K, 0% used [0x00000000efe00000,0x00000000efe00000,0x00000000f0080000)
 ParOldGen       total 42496K, used 24K [0x00000000c3800000, 0x00000000c6180000, 0x00000000ebd80000)
  object space 42496K, 0% used [0x00000000c3800000,0x00000000c3806000,0x00000000c6180000)
 Metaspace       used 2741K, capacity 4600K, committed 4864K, reserved 1056768K
  class space    used 305K, capacity 424K, committed 512K, reserved 1048576K
Event: 0,600 GC heap after
Heap after GC invocations=4 (full 0):
 PSYoungGen      total 66048K, used 490K [0x00000000ebd80000, 0x00000000f0080000, 0x0000000100000000)
  eden space 63488K, 0% used [0x00000000ebd80000,0x00000000ebd80000,0x00000000efb80000)
  from space 2560K, 19% used [0x00000000efe00000,0x00000000efe7ab20,0x00000000f0080000)
  to   space 2560K, 0% used [0x00000000efb80000,0x00000000efb80000,0x00000000efe00000)
 ParOldGen       total 42496K, used 24K [0x00000000c3800000, 0x00000000c6180000, 0x00000000ebd80000)
  object space 42496K, 0% used [0x00000000c3800000,0x00000000c3806000,0x00000000c6180000)
 Metaspace       used 2741K, capacity 4600K, committed 4864K, reserved 1056768K
  class space    used 305K, capacity 424K, committed 512K, reserved 1048576K
}
Event: 0,710 GC heap before
{Heap before GC invocations=5 (full 0):
 PSYoungGen      total 66048K, used 63978K [0x00000000ebd80000, 0x00000000f0080000, 0x0000000100000000)
  eden space 63488K, 100% used [0x00000000ebd80000,0x00000000efb80000,0x00000000efb80000)
  from space 2560K, 19% used [0x00000000efe00000,0x00000000efe7ab20,0x00000000f0080000)
  to   space 2560K, 0% used [0x00000000efb80000,0x00000000efb80000,0x00000000efe00000)
 ParOldGen       total 42496K, used 24K [0x00000000c3800000, 0x00000000c6180000, 0x00000000ebd80000)
  object space 42496K, 0% used [0x00000000c3800000,0x00000000c3806000,0x00000000c6180000)
 Metaspace       used 2741K, capacity 4600K, committed 4864K, reserved 1056768K
  class space    used 305K, capacity 424K, committed 512K, reserved 1048576K
Event: 0,713 GC heap after
Heap after GC invocations=5 (full 0):
 PSYoungGen      total 66048K, used 437K [0x00000000ebd80000, 0x00000000f3b80000, 0x0000000100000000)
  eden space 63488K, 0% used [0x00000000ebd80000,0x00000000ebd80000,0x00000000efb80000)
  from space 2560K, 17% used [0x00000000efb80000,0x00000000efbed530,0x00000000efe00000)
  to   space 1024K, 0% used [0x00000000f3a80000,0x00000000f3a80000,0x00000000f3b80000)
 ParOldGen       total 42496K, used 24K [0x00000000c3800000, 0x00000000c6180000, 0x00000000ebd80000)
  object space 42496K, 0% used [0x00000000c3800000,0x00000000c3806000,0x00000000c6180000)
 Metaspace       used 2741K, capacity 4600K, committed 4864K, reserved 1056768K
  class space    used 305K, capacity 424K, committed 512K, reserved 1048576K
}
Event: 0,761 GC heap before
{Heap before GC invocations=6 (full 0):
 PSYoungGen      total 66048K, used 63925K [0x00000000ebd80000, 0x00000000f3b80000, 0x0000000100000000)
  eden space 63488K, 100% used [0x00000000ebd80000,0x00000000efb80000,0x00000000efb80000)
  from space 2560K, 17% used [0x00000000efb80000,0x00000000efbed530,0x00000000efe00000)
  to   space 1024K, 0% used [0x00000000f3a80000,0x00000000f3a80000,0x00000000f3b80000)
 ParOldGen       total 42496K, used 24K [0x00000000c3800000, 0x00000000c6180000, 0x00000000ebd80000)
  object space 42496K, 0% used [0x00000000c3800000,0x00000000c3806000,0x00000000c6180000)
 Metaspace       used 2741K, capacity 4600K, committed 4864K, reserved 1056768K
  class space    used 305K, capacity 424K, committed 512K, reserved 1048576K
Event: 0,764 GC heap after
Heap after GC invocations=6 (full 0):
 PSYoungGen      total 128000K, used 491K [0x00000000ebd80000, 0x00000000f3b80000, 0x0000000100000000)
  eden space 126976K, 0% used [0x00000000ebd80000,0x00000000ebd80000,0x00000000f3980000)
  from space 1024K, 47% used [0x00000000f3a80000,0x00000000f3afac68,0x00000000f3b80000)
  to   space 1024K, 0% used [0x00000000f3980000,0x00000000f3980000,0x00000000f3a80000)
 ParOldGen       total 42496K, used 24K [0x00000000c3800000, 0x00000000c6180000, 0x00000000ebd80000)
  object space 42496K, 0% used [0x00000000c3800000,0x00000000c3806000,0x00000000c6180000)
 Metaspace       used 2741K, capacity 4600K, committed 4864K, reserved 1056768K
  class space    used 305K, capacity 424K, committed 512K, reserved 1048576K
}
Event: 4,350 GC heap before
{Heap before GC invocations=7 (full 0):
 PSYoungGen      total 128000K, used 127467K [0x00000000ebd80000, 0x00000000f3b80000, 0x0000000100000000)
  eden space 126976K, 100% used [0x00000000ebd80000,0x00000000f3980000,0x00000000f3980000)
  from space 1024K, 47% used [0x00000000f3a80000,0x00000000f3afac68,0x00000000f3b80000)
  to   space 1024K, 0% used [0x00000000f3980000,0x00000000f3980000,0x00000000f3a80000)
 ParOldGen       total 42496K, used 24K [0x00000000c3800000, 0x00000000c6180000, 0x00000000ebd80000)
  object space 42496K, 0% used [0x00000000c3800000,0x00000000c3806000,0x00000000c6180000)
 Metaspace       used 2754K, capacity 4664K, committed 4864K, reserved 1056768K
  class space    used 305K, capacity 424K, committed 512K, reserved 1048576K

