# JRE version: Java(TM) SE Runtime Environment (8.0_111-b14) (build 1.8.0_111-b14)
# Java VM: Java HotSpot(TM) 64-Bit Server VM (25.111-b14 mixed mode linux-amd64 compressed oops)
Heap:
 PSYoungGen      total 127488K, used 96K [0x00000000ebd80000, 0x00000000f3b80000, 0x0000000100000000)
  eden space 126464K, 0% used [0x00000000ebd80000,0x00000000ebd80000,0x00000000f3900000)
  from space 1024K, 9% used [0x00000000f3900000,0x00000000f3918000,0x00000000f3a00000)
  to   space 512K, 0% used [0x00000000f3a00000,0x00000000f3a00000,0x00000000f3a80000)
 ParOldGen       total 42496K, used 348K [0x00000000c3800000, 0x00000000c6180000, 0x00000000ebd80000)
  object space 42496K, 0% used [0x00000000c3800000,0x00000000c3857060,0x00000000c6180000)
 Metaspace       used 2755K, capacity 4664K, committed 4864K, reserved 1056768K
  class space    used 305K, capacity 424K, committed 512K, reserved 1048576K
GC Heap History (10 events):
Event: 0,428 GC heap after
Heap after GC invocations=2 (full 0):
 PSYoungGen      total 34304K, used 448K [0x00000000ebd80000, 0x00000000ee180000, 0x0000000100000000)
  eden space 31744K, 0% used [0x00000000ebd80000,0x00000000ebd80000,0x00000000edc80000)
  from space 2560K, 17% used [0x00000000edf00000,0x00000000edf70020,0x00000000ee180000)
  to   space 2560K, 0% used [0x00000000edc80000,0x00000000edc80000,0x00000000edf00000)
 ParOldGen       total 42496K, used 16K [0x00000000c3800000, 0x00000000c6180000, 0x00000000ebd80000)
  object space 42496K, 0% used [0x00000000c3800000,0x00000000c3804000,0x00000000c6180000)
 Metaspace       used 2741K, capacity 4600K, committed 4864K, reserved 1056768K
  class space    used 305K, capacity 424K, committed 512K, reserved 1048576K
}
Event: 0,570 GC heap before
{Heap before GC invocations=3 (full 0):
 PSYoungGen      total 34304K, used 32192K [0x00000000ebd80000, 0x00000000ee180000, 0x0000000100000000)
  eden space 31744K, 100% used [0x00000000ebd80000,0x00000000edc80000,0x00000000edc80000)
  from space 2560K, 17% used [0x00000000edf00000,0x00000000edf70020,0x00000000ee180000)
  to   space 2560K, 0% used [0x00000000edc80000,0x00000000edc80000,0x00000000edf00000)
 ParOldGen       total 42496K, used 16K [0x00000000c3800000, 0x00000000c6180000, 0x00000000ebd80000)
  object space 42496K, 0% used [0x00000000c3800000,0x00000000c3804000,0x00000000c6180000)
 Metaspace       used 2742K, capacity 4600K, committed 4864K, reserved 1056768K
  class space    used 305K, capacity 424K, committed 512K, reserved 1048576K
Event: 0,572 GC heap after
Heap after GC invocations=3 (full 0):
 PSYoungGen      total 34304K, used 405K [0x00000000ebd80000, 0x00000000f0080000, 0x0000000100000000)
  eden space 31744K, 0% used [0x00000000ebd80000,0x00000000ebd80000,0x00000000edc80000)
  from space 2560K, 15% used [0x00000000edc80000,0x00000000edce5720,0x00000000edf00000)
  to   space 2560K, 0% used [0x00000000efe00000,0x00000000efe00000,0x00000000f0080000)
 ParOldGen       total 42496K, used 16K [0x00000000c3800000, 0x00000000c6180000, 0x00000000ebd80000)
  object space 42496K, 0% used [0x00000000c3800000,0x00000000c3804000,0x00000000c6180000)
 Metaspace       used 2742K, capacity 4600K, committed 4864K, reserved 1056768K
  class space    used 305K, capacity 424K, committed 512K, reserved 1048576K
}
Event: 0,596 GC heap before
{Heap before GC invocations=4 (full 0):
 PSYoungGen      total 34304K, used 32149K [0x00000000ebd80000, 0x00000000f0080000, 0x0000000100000000)
  eden space 31744K, 100% used [0x00000000ebd80000,0x00000000edc80000,0x00000000edc80000)
  from space 2560K, 15% used [0x00000000edc80000,0x00000000edce5720,0x00000000edf00000)
  to   space 2560K, 0% used [0x00000000efe00000,0x00000000efe00000,0x00000000f0080000)
 ParOldGen       total 42496K, used 16K [0x00000000c3800000, 0x00000000c6180000, 0x00000000ebd80000)
  object space 42496K, 0% used [0x00000000c3800000,0x00000000c3804000,0x00000000c6180000)
 Metaspace       used 2742K, capacity 4600K, committed 4864K, reserved 1056768K
  class space    used 305K, capacity 424K, committed 512K, reserved 1048576K
Event: 0,622 GC heap after
Heap after GC invocations=4 (full 0):
 PSYoungGen      total 66048K, used 474K [0x00000000ebd80000, 0x00000000f0080000, 0x0000000100000000)
  eden space 63488K, 0% used [0x00000000ebd80000,0x00000000ebd80000,0x00000000efb80000)
  from space 2560K, 18% used [0x00000000efe00000,0x00000000efe76b10,0x00000000f0080000)
  to   space 2560K, 0% used [0x00000000efb80000,0x00000000efb80000,0x00000000efe00000)
 ParOldGen       total 42496K, used 16K [0x00000000c3800000, 0x00000000c6180000, 0x00000000ebd80000)
  object space 42496K, 0% used [0x00000000c3800000,0x00000000c3804000,0x00000000c6180000)
 Metaspace       used 2742K, capacity 4600K, committed 4864K, reserved 1056768K
  class space    used 305K, capacity 424K, committed 512K, reserved 1048576K
}
Event: 0,855 GC heap before
{Heap before GC invocations=5 (full 0):
 PSYoungGen      total 66048K, used 63962K [0x00000000ebd80000, 0x00000000f0080000, 0x0000000100000000)
  eden space 63488K, 100% used [0x00000000ebd80000,0x00000000efb80000,0x00000000efb80000)
  from space 2560K, 18% used [0x00000000efe00000,0x00000000efe76b10,0x00000000f0080000)
  to   space 2560K, 0% used [0x00000000efb80000,0x00000000efb80000,0x00000000efe00000)
 ParOldGen       total 42496K, used 16K [0x00000000c3800000, 0x00000000c6180000, 0x00000000ebd80000)
  object space 42496K, 0% used [0x00000000c3800000,0x00000000c3804000,0x00000000c6180000)
 Metaspace       used 2742K, capacity 4600K, committed 4864K, reserved 1056768K
  class space    used 305K, capacity 424K, committed 512K, reserved 1048576K
Event: 0,862 GC heap after
Heap after GC invocations=5 (full 0):
 PSYoungGen      total 66048K, used 469K [0x00000000ebd80000, 0x00000000f3a80000, 0x0000000100000000)
  eden space 63488K, 0% used [0x00000000ebd80000,0x00000000ebd80000,0x00000000efb80000)
  from space 2560K, 18% used [0x00000000efb80000,0x00000000efbf5530,0x00000000efe00000)
  to   space 512K, 0% used [0x00000000f3a00000,0x00000000f3a00000,0x00000000f3a80000)
 ParOldGen       total 42496K, used 16K [0x00000000c3800000, 0x00000000c6180000, 0x00000000ebd80000)
  object space 42496K, 0% used [0x00000000c3800000,0x00000000c3804000,0x00000000c6180000)
 Metaspace       used 2742K, capacity 4600K, committed 4864K, reserved 1056768K
  class space    used 305K, capacity 424K, committed 512K, reserved 1048576K
}
Event: 0,908 GC heap before
{Heap before GC invocations=6 (full 0):
 PSYoungGen      total 66048K, used 63957K [0x00000000ebd80000, 0x00000000f3a80000, 0x0000000100000000)
  eden space 63488K, 100% used [0x00000000ebd80000,0x00000000efb80000,0x00000000efb80000)
  from space 2560K, 18% used [0x00000000efb80000,0x00000000efbf5530,0x00000000efe00000)
  to   space 512K, 0% used [0x00000000f3a00000,0x00000000f3a00000,0x00000000f3a80000)
 ParOldGen       total 42496K, used 16K [0x00000000c3800000, 0x00000000c6180000, 0x00000000ebd80000)
  object space 42496K, 0% used [0x00000000c3800000,0x00000000c3804000,0x00000000c6180000)
 Metaspace       used 2742K, capacity 4600K, committed 4864K, reserved 1056768K
  class space    used 305K, capacity 424K, committed 512K, reserved 1048576K
Event: 0,914 GC heap after
Heap after GC invocations=6 (full 0):
 PSYoungGen      total 126976K, used 491K [0x00000000ebd80000, 0x00000000f3b80000, 0x0000000100000000)
  eden space 126464K, 0% used [0x00000000ebd80000,0x00000000ebd80000,0x00000000f3900000)
  from space 512K, 95% used [0x00000000f3a00000,0x00000000f3a7ac68,0x00000000f3a80000)
  to   space 1024K, 0% used [0x00000000f3900000,0x00000000f3900000,0x00000000f3a00000)
 ParOldGen       total 42496K, used 16K [0x00000000c3800000, 0x00000000c6180000, 0x00000000ebd80000)
  object space 42496K, 0% used [0x00000000c3800000,0x00000000c3804000,0x00000000c6180000)
 Metaspace       used 2742K, capacity 4600K, committed 4864K, reserved 1056768K
  class space    used 305K, capacity 424K, committed 512K, reserved 1048576K
}
Event: 4,301 GC heap before
{Heap before GC invocations=7 (full 0):
 PSYoungGen      total 126976K, used 126955K [0x00000000ebd80000, 0x00000000f3b80000, 0x0000000100000000)
  eden space 126464K, 100% used [0x00000000ebd80000,0x00000000f3900000,0x00000000f3900000)
  from space 512K, 95% used [0x00000000f3a00000,0x00000000f3a7ac68,0x00000000f3a80000)
  to   space 1024K, 0% used [0x00000000f3900000,0x00000000f3900000,0x00000000f3a00000)
 ParOldGen       total 42496K, used 16K [0x00000000c3800000, 0x00000000c6180000, 0x00000000ebd80000)
  object space 42496K, 0% used [0x00000000c3800000,0x00000000c3804000,0x00000000c6180000)
 Metaspace       used 2755K, capacity 4664K, committed 4864K, reserved 1056768K
  class space    used 305K, capacity 424K, committed 512K, reserved 1048576K

