# JRE version: Java(TM) SE Runtime Environment (8.0_111-b14) (build 1.8.0_111-b14)
# Java VM: Java HotSpot(TM) 64-Bit Server VM (25.111-b14 mixed mode linux-amd64 compressed oops)
Heap:
 PSYoungGen      total 127488K, used 64K [0x00000000ebd80000, 0x00000000f3a80000, 0x0000000100000000)
  eden space 126976K, 0% used [0x00000000ebd80000,0x00000000ebd80000,0x00000000f3980000)
  from space 512K, 12% used [0x00000000f3980000,0x00000000f3990000,0x00000000f3a00000)
  to   space 512K, 0% used [0x00000000f3a00000,0x00000000f3a00000,0x00000000f3a80000)
 ParOldGen       total 42496K, used 360K [0x00000000c3800000, 0x00000000c6180000, 0x00000000ebd80000)
  object space 42496K, 0% used [0x00000000c3800000,0x00000000c385a050,0x00000000c6180000)
 Metaspace       used 2760K, capacity 4664K, committed 4864K, reserved 1056768K
  class space    used 304K, capacity 424K, committed 512K, reserved 1048576K
GC Heap History (10 events):
Event: 0,894 GC heap after
Heap after GC invocations=2 (full 0):
 PSYoungGen      total 34304K, used 397K [0x00000000ebd80000, 0x00000000ee180000, 0x0000000100000000)
  eden space 31744K, 0% used [0x00000000ebd80000,0x00000000ebd80000,0x00000000edc80000)
  from space 2560K, 15% used [0x00000000edf00000,0x00000000edf63548,0x00000000ee180000)
  to   space 2560K, 0% used [0x00000000edc80000,0x00000000edc80000,0x00000000edf00000)
 ParOldGen       total 42496K, used 16K [0x00000000c3800000, 0x00000000c6180000, 0x00000000ebd80000)
  object space 42496K, 0% used [0x00000000c3800000,0x00000000c3804000,0x00000000c6180000)
 Metaspace       used 2757K, capacity 4664K, committed 4864K, reserved 1056768K
  class space    used 304K, capacity 424K, committed 512K, reserved 1048576K
}
Event: 0,963 GC heap before
{Heap before GC invocations=3 (full 0):
 PSYoungGen      total 34304K, used 32125K [0x00000000ebd80000, 0x00000000ee180000, 0x0000000100000000)
  eden space 31744K, 99% used [0x00000000ebd80000,0x00000000edc7c008,0x00000000edc80000)
  from space 2560K, 15% used [0x00000000edf00000,0x00000000edf63548,0x00000000ee180000)
  to   space 2560K, 0% used [0x00000000edc80000,0x00000000edc80000,0x00000000edf00000)
 ParOldGen       total 42496K, used 16K [0x00000000c3800000, 0x00000000c6180000, 0x00000000ebd80000)
  object space 42496K, 0% used [0x00000000c3800000,0x00000000c3804000,0x00000000c6180000)
 Metaspace       used 2757K, capacity 4664K, committed 4864K, reserved 1056768K
  class space    used 304K, capacity 424K, committed 512K, reserved 1048576K
Event: 0,966 GC heap after
Heap after GC invocations=3 (full 0):
 PSYoungGen      total 34304K, used 373K [0x00000000ebd80000, 0x00000000f0080000, 0x0000000100000000)
  eden space 31744K, 0% used [0x00000000ebd80000,0x00000000ebd80000,0x00000000edc80000)
  from space 2560K, 14% used [0x00000000edc80000,0x00000000edcdd5a0,0x00000000edf00000)
  to   space 2560K, 0% used [0x00000000efe00000,0x00000000efe00000,0x00000000f0080000)
 ParOldGen       total 42496K, used 24K [0x00000000c3800000, 0x00000000c6180000, 0x00000000ebd80000)
  object space 42496K, 0% used [0x00000000c3800000,0x00000000c3806000,0x00000000c6180000)
 Metaspace       used 2757K, capacity 4664K, committed 4864K, reserved 1056768K
  class space    used 304K, capacity 424K, committed 512K, reserved 1048576K
}
Event: 0,989 GC heap before
{Heap before GC invocations=4 (full 0):
 PSYoungGen      total 34304K, used 32117K [0x00000000ebd80000, 0x00000000f0080000, 0x0000000100000000)
  eden space 31744K, 100% used [0x00000000ebd80000,0x00000000edc80000,0x00000000edc80000)
  from space 2560K, 14% used [0x00000000edc80000,0x00000000edcdd5a0,0x00000000edf00000)
  to   space 2560K, 0% used [0x00000000efe00000,0x00000000efe00000,0x00000000f0080000)
 ParOldGen       total 42496K, used 24K [0x00000000c3800000, 0x00000000c6180000, 0x00000000ebd80000)
  object space 42496K, 0% used [0x00000000c3800000,0x00000000c3806000,0x00000000c6180000)
 Metaspace       used 2757K, capacity 4664K, committed 4864K, reserved 1056768K
  class space    used 304K, capacity 424K, committed 512K, reserved 1048576K
Event: 1,014 GC heap after
Heap after GC invocations=4 (full 0):
 PSYoungGen      total 66048K, used 442K [0x00000000ebd80000, 0x00000000f0080000, 0x0000000100000000)
  eden space 63488K, 0% used [0x00000000ebd80000,0x00000000ebd80000,0x00000000efb80000)
  from space 2560K, 17% used [0x00000000efe00000,0x00000000efe6e9c0,0x00000000f0080000)
  to   space 2560K, 0% used [0x00000000efb80000,0x00000000efb80000,0x00000000efe00000)
 ParOldGen       total 42496K, used 24K [0x00000000c3800000, 0x00000000c6180000, 0x00000000ebd80000)
  object space 42496K, 0% used [0x00000000c3800000,0x00000000c3806000,0x00000000c6180000)
 Metaspace       used 2757K, capacity 4664K, committed 4864K, reserved 1056768K
  class space    used 304K, capacity 424K, committed 512K, reserved 1048576K
}
Event: 1,256 GC heap before
{Heap before GC invocations=5 (full 0):
 PSYoungGen      total 66048K, used 63930K [0x00000000ebd80000, 0x00000000f0080000, 0x0000000100000000)
  eden space 63488K, 100% used [0x00000000ebd80000,0x00000000efb80000,0x00000000efb80000)
  from space 2560K, 17% used [0x00000000efe00000,0x00000000efe6e9c0,0x00000000f0080000)
  to   space 2560K, 0% used [0x00000000efb80000,0x00000000efb80000,0x00000000efe00000)
 ParOldGen       total 42496K, used 24K [0x00000000c3800000, 0x00000000c6180000, 0x00000000ebd80000)
  object space 42496K, 0% used [0x00000000c3800000,0x00000000c3806000,0x00000000c6180000)
 Metaspace       used 2757K, capacity 4664K, committed 4864K, reserved 1056768K
  class space    used 304K, capacity 424K, committed 512K, reserved 1048576K
Event: 1,262 GC heap after
Heap after GC invocations=5 (full 0):
 PSYoungGen      total 66048K, used 452K [0x00000000ebd80000, 0x00000000f3a80000, 0x0000000100000000)
  eden space 63488K, 0% used [0x00000000ebd80000,0x00000000ebd80000,0x00000000efb80000)
  from space 2560K, 17% used [0x00000000efb80000,0x00000000efbf1340,0x00000000efe00000)
  to   space 512K, 0% used [0x00000000f3a00000,0x00000000f3a00000,0x00000000f3a80000)
 ParOldGen       total 42496K, used 24K [0x00000000c3800000, 0x00000000c6180000, 0x00000000ebd80000)
  object space 42496K, 0% used [0x00000000c3800000,0x00000000c3806000,0x00000000c6180000)
 Metaspace       used 2757K, capacity 4664K, committed 4864K, reserved 1056768K
  class space    used 304K, capacity 424K, committed 512K, reserved 1048576K
}
Event: 1,310 GC heap before
{Heap before GC invocations=6 (full 0):
 PSYoungGen      total 66048K, used 63940K [0x00000000ebd80000, 0x00000000f3a80000, 0x0000000100000000)
  eden space 63488K, 100% used [0x00000000ebd80000,0x00000000efb80000,0x00000000efb80000)
  from space 2560K, 17% used [0x00000000efb80000,0x00000000efbf1340,0x00000000efe00000)
  to   space 512K, 0% used [0x00000000f3a00000,0x00000000f3a00000,0x00000000f3a80000)
 ParOldGen       total 42496K, used 24K [0x00000000c3800000, 0x00000000c6180000, 0x00000000ebd80000)
  object space 42496K, 0% used [0x00000000c3800000,0x00000000c3806000,0x00000000c6180000)
 Metaspace       used 2757K, capacity 4664K, committed 4864K, reserved 1056768K
  class space    used 304K, capacity 424K, committed 512K, reserved 1048576K
Event: 1,319 GC heap after
Heap after GC invocations=6 (full 0):
 PSYoungGen      total 127488K, used 433K [0x00000000ebd80000, 0x00000000f3a80000, 0x0000000100000000)
  eden space 126976K, 0% used [0x00000000ebd80000,0x00000000ebd80000,0x00000000f3980000)
  from space 512K, 84% used [0x00000000f3a00000,0x00000000f3a6c6c0,0x00000000f3a80000)
  to   space 512K, 0% used [0x00000000f3980000,0x00000000f3980000,0x00000000f3a00000)
 ParOldGen       total 42496K, used 24K [0x00000000c3800000, 0x00000000c6180000, 0x00000000ebd80000)
  object space 42496K, 0% used [0x00000000c3800000,0x00000000c3806000,0x00000000c6180000)
 Metaspace       used 2757K, capacity 4664K, committed 4864K, reserved 1056768K
  class space    used 304K, capacity 424K, committed 512K, reserved 1048576K
}
Event: 43,852 GC heap before
{Heap before GC invocations=7 (full 0):
 PSYoungGen      total 127488K, used 127409K [0x00000000ebd80000, 0x00000000f3a80000, 0x0000000100000000)
  eden space 126976K, 100% used [0x00000000ebd80000,0x00000000f3980000,0x00000000f3980000)
  from space 512K, 84% used [0x00000000f3a00000,0x00000000f3a6c6c0,0x00000000f3a80000)
  to   space 512K, 0% used [0x00000000f3980000,0x00000000f3980000,0x00000000f3a00000)
 ParOldGen       total 42496K, used 24K [0x00000000c3800000, 0x00000000c6180000, 0x00000000ebd80000)
  object space 42496K, 0% used [0x00000000c3800000,0x00000000c3806000,0x00000000c6180000)
 Metaspace       used 2760K, capacity 4664K, committed 4864K, reserved 1056768K
  class space    used 304K, capacity 424K, committed 512K, reserved 1048576K

